            Column  Code
0      Iris-setosa     0
1  Iris-versicolor     1
2   Iris-virginica     2
   Sepal L  Sepal W  Petal L  Petal W  Species
0      5.1      3.5      1.4      0.2        0
1      4.9      3.0      1.4      0.2        0
2      4.7      3.2      1.3      0.2        0
3      4.6      3.1      1.5      0.2        0
4      5.0      3.6      1.4      0.2        0
Model(
  (fc1): Linear(in_features=4, out_features=20, bias=True)
  (relu): ReLU()
  (fc2): Linear(in_features=20, out_features=3, bias=True)
)
epoch:  0  loss: 1.14454949
epoch: 10  loss: 0.87612134
epoch: 20  loss: 0.64289486
epoch: 30  loss: 0.47481343
epoch: 40  loss: 0.37534350
epoch: 50  loss: 0.29522592
epoch: 60  loss: 0.23177586
epoch: 70  loss: 0.18608309
epoch: 80  loss: 0.15407225
epoch: 90  loss: 0.13181369
